<?xml version="1.0" encoding="UTF-8"?>
<!-- Generated by org.testng.reporters.JUnitXMLReporter -->
<testsuite ignored="0" hostname="DESKTOP-AE6JK50" failures="0" tests="2" name="Default test" time="44.024" errors="0" timestamp="2023-02-05T11:51:50 IST">
  <testcase classname="Apollo_Hospital.WebTesting.refrence_Apollo_StandAlone_Testcase2" name="goToPage" time="15.352"/>
  <testcase classname="Apollo_Hospital.WebTesting.refrence_Apollo_StandAlone_Testcase2" name="Verifications" time="0.026"/>
</testsuite> <!-- Default test -->
