<?xml version="1.0" encoding="UTF-8"?>
<!-- Generated by org.testng.reporters.JUnitXMLReporter -->
<testsuite ignored="2" hostname="DESKTOP-AE6JK50" failures="0" tests="1" name="Default test" time="22.489" errors="0" timestamp="2023-03-11T17:27:46 IST">
  <testcase classname="Apollo_Hospital.WebTesting.refrence_Apollo_StandAlone_Testcase2" name="appointment" time="14.698"/>
  <testcase classname="Apollo_Hospital.WebTesting.refrence_Apollo_StandAlone_Testcase2" name="Verifications" time="0.0">
    <ignored/>
  </testcase> <!-- Verifications -->
  <testcase classname="Apollo_Hospital.WebTesting.refrence_Apollo_StandAlone_Testcase2" name="goToPage" time="0.0">
    <ignored/>
  </testcase> <!-- goToPage -->
</testsuite> <!-- Default test -->
