<?xml version="1.0" encoding="UTF-8"?>
<!-- Generated by org.testng.reporters.JUnitXMLReporter -->
<testsuite ignored="0" hostname="DESKTOP-AE6JK50" failures="0" tests="3" name="WebTesting" time="44.141" errors="0" timestamp="2023-03-11T17:28:42 IST">
  <testcase classname="Apollo_Hospital.WebTesting.refrence_Apollo_StandAlone_Testcase2" name="goToPage" time="15.13"/>
  <testcase classname="Apollo_Hospital.WebTesting.refrence_Apollo_StandAlone_Testcase2" name="appointment" time="14.124"/>
  <testcase classname="Apollo_Hospital.WebTesting.refrence_Apollo_StandAlone_Testcase2" name="Verifications" time="0.02"/>
</testsuite> <!-- WebTesting -->
