<?xml version="1.0" encoding="UTF-8"?>
<testng-results ignored="0" total="3" passed="3" failed="0" skipped="0">
  <reporter-output>
  </reporter-output>
  <suite started-at="2023-03-11T17:27:58 IST" name="Suite" finished-at="2023-03-11T17:28:42 IST" duration-ms="44141">
    <groups>
    </groups>
    <test started-at="2023-03-11T17:27:58 IST" name="WebTesting" finished-at="2023-03-11T17:28:42 IST" duration-ms="44141">
      <class name="Apollo_Hospital.WebTesting.refrence_Apollo_StandAlone_Testcase2">
        <test-method is-config="true" signature="LaunchApplication()[pri:0, instance:Apollo_Hospital.WebTesting.refrence_Apollo_StandAlone_Testcase2@359df09a]" started-at="2023-03-11T17:27:58 IST" name="LaunchApplication" finished-at="2023-03-11T17:28:04 IST" duration-ms="5332" status="PASS">
          <reporter-output>
          </reporter-output>
        </test-method> <!-- LaunchApplication -->
        <test-method signature="goToPage(java.lang.String,java.lang.String)[pri:0, instance:Apollo_Hospital.WebTesting.refrence_Apollo_StandAlone_Testcase2@359df09a]" started-at="2023-03-11T17:28:04 IST" name="goToPage" data-provider="getdata" finished-at="2023-03-11T17:28:19 IST" duration-ms="15130" status="PASS">
          <params>
            <param index="0">
              <value>
                <![CDATA[Hospitals In Bhubaneshwar]]>
              </value>
            </param>
            <param index="1">
              <value>
                <![CDATA[CyberKnife]]>
              </value>
            </param>
          </params>
          <reporter-output>
          </reporter-output>
        </test-method> <!-- goToPage -->
        <test-method is-config="true" signature="teardown()[pri:0, instance:Apollo_Hospital.WebTesting.refrence_Apollo_StandAlone_Testcase2@359df09a]" started-at="2023-03-11T17:28:19 IST" name="teardown" finished-at="2023-03-11T17:28:19 IST" duration-ms="207" status="PASS">
          <reporter-output>
          </reporter-output>
        </test-method> <!-- teardown -->
        <test-method is-config="true" signature="LaunchApplication()[pri:0, instance:Apollo_Hospital.WebTesting.refrence_Apollo_StandAlone_Testcase2@359df09a]" started-at="2023-03-11T17:28:19 IST" name="LaunchApplication" finished-at="2023-03-11T17:28:23 IST" duration-ms="4290" status="PASS">
          <reporter-output>
          </reporter-output>
        </test-method> <!-- LaunchApplication -->
        <test-method signature="appointment()[pri:0, instance:Apollo_Hospital.WebTesting.refrence_Apollo_StandAlone_Testcase2@359df09a]" started-at="2023-03-11T17:28:23 IST" name="appointment" finished-at="2023-03-11T17:28:37 IST" duration-ms="14124" status="PASS">
          <reporter-output>
          </reporter-output>
        </test-method> <!-- appointment -->
        <test-method is-config="true" signature="teardown()[pri:0, instance:Apollo_Hospital.WebTesting.refrence_Apollo_StandAlone_Testcase2@359df09a]" started-at="2023-03-11T17:28:37 IST" name="teardown" finished-at="2023-03-11T17:28:38 IST" duration-ms="303" status="PASS">
          <reporter-output>
          </reporter-output>
        </test-method> <!-- teardown -->
        <test-method is-config="true" signature="LaunchApplication()[pri:0, instance:Apollo_Hospital.WebTesting.refrence_Apollo_StandAlone_Testcase2@359df09a]" started-at="2023-03-11T17:28:38 IST" name="LaunchApplication" finished-at="2023-03-11T17:28:42 IST" duration-ms="4496" status="PASS">
          <reporter-output>
          </reporter-output>
        </test-method> <!-- LaunchApplication -->
        <test-method signature="Verifications()[pri:0, instance:Apollo_Hospital.WebTesting.refrence_Apollo_StandAlone_Testcase2@359df09a]" started-at="2023-03-11T17:28:42 IST" name="Verifications" finished-at="2023-03-11T17:28:42 IST" depends-on-methods="Apollo_Hospital.WebTesting.refrence_Apollo_StandAlone_Testcase2.goToPage" duration-ms="20" status="PASS">
          <reporter-output>
          </reporter-output>
        </test-method> <!-- Verifications -->
        <test-method is-config="true" signature="teardown()[pri:0, instance:Apollo_Hospital.WebTesting.refrence_Apollo_StandAlone_Testcase2@359df09a]" started-at="2023-03-11T17:28:42 IST" name="teardown" finished-at="2023-03-11T17:28:42 IST" duration-ms="205" status="PASS">
          <reporter-output>
          </reporter-output>
        </test-method> <!-- teardown -->
      </class> <!-- Apollo_Hospital.WebTesting.refrence_Apollo_StandAlone_Testcase2 -->
    </test> <!-- WebTesting -->
  </suite> <!-- Suite -->
</testng-results>
